$ cd apps/business-skill-studio && npm run dev -- --hostname 127.0.0.1 --port 3000


> business-skill-studio@0.1.0 dev
> next dev --hostname 127.0.0.1 --port 3000

 ⚠ Invalid next.config.mjs options detected: 
 ⚠     Unrecognized key(s) in object: 'serverExternalPackages' at "experimental"
 ⚠ See more info here: https://nextjs.org/docs/messages/invalid-next-config
   ▲ Next.js 15.5.20
   - Local:        http://127.0.0.1:3000
   - Network:      http://127.0.0.1:3000
   - Experiments (use with caution):
     · serverExternalPackages

 ✓ Starting...
Attention: Next.js now collects completely anonymous telemetry regarding usage.
This information is used to shape Next.js' roadmap and prioritize features.
You can learn more, including how to opt-out if you'd not like to participate in this anonymous program, by visiting the following URL:
https://nextjs.org/telemetry

 ✓ Ready in 1509ms
 ○ Compiling /middleware ...
 ✓ Compiled /middleware in 1572ms (238 modules)
 ○ Compiling /login ...
 ✓ Compiled /login in 4.7s (683 modules)
 GET /login?callbackUrl=http%3A%2F%2Flocalhost%3A3000%2F 200 in 931ms
 GET /login?callbackUrl=http%3A%2F%2Flocalhost%3A3000%2F 200 in 197ms
 POST /login?callbackUrl=http%3A%2F%2Flocalhost%3A3000%2F 303 in 1187ms
 GET /login?callbackUrl=http%3A%2F%2Flocalhost%3A3000%2F 307 in 461ms
 ○ Compiling / ...
 ✓ Compiled / in 1350ms (677 modules)
 GET / 200 in 2254ms
 ○ Compiling /api/chat ...
 ✓ Compiled /api/chat in 5.4s (838 modules)
 POST /api/chat 200 in 6223ms
 ○ Compiling /api/skills/draft ...
 ✓ Compiled /api/skills/draft in 835ms (840 modules)
 POST /api/skills/draft 200 in 1224ms

[frontend process exited] code=null signal=SIGTERM
[?25h
