
> business-skill-studio@0.1.0 build
> next build

âš  No build cache found. Please configure build caching for faster rebuilds. Read more: https://nextjs.org/docs/messages/no-cache
Attention: Next.js now collects completely anonymous telemetry regarding usage.
This information is used to shape Next.js' roadmap and prioritize features.
You can learn more, including how to opt-out if you'd not like to participate in this anonymous program, by visiting the following URL:
https://nextjs.org/telemetry

   â–˛ Next.js 15.5.20

   Creating an optimized production build ...
 âš  Compiled with warnings in 2.1s

./node_modules/bcryptjs/dist/bcrypt.js
A Node.js API is used (process.nextTick at line: 351) which is not supported in the Edge Runtime.
Learn more: https://nextjs.org/docs/api-reference/edge-runtime

Import trace for requested module:
./node_modules/bcryptjs/dist/bcrypt.js
./lib/auth-users.ts
./auth.ts

./node_modules/bcryptjs/dist/bcrypt.js
A Node.js API is used (setImmediate at line: 352) which is not supported in the Edge Runtime.
Learn more: https://nextjs.org/docs/api-reference/edge-runtime

Import trace for requested module:
./node_modules/bcryptjs/dist/bcrypt.js
./lib/auth-users.ts
./auth.ts

./node_modules/bcryptjs/dist/bcrypt.js
A Node.js API is used (setImmediate at line: 352) which is not supported in the Edge Runtime.
Learn more: https://nextjs.org/docs/api-reference/edge-runtime

Import trace for requested module:
./node_modules/bcryptjs/dist/bcrypt.js
./lib/auth-users.ts
./auth.ts

./node_modules/bcryptjs/dist/bcrypt.js
A Node.js API is used (process.nextTick at line: 352) which is not supported in the Edge Runtime.
Learn more: https://nextjs.org/docs/api-reference/edge-runtime

Import trace for requested module:
./node_modules/bcryptjs/dist/bcrypt.js
./lib/auth-users.ts
./auth.ts

./node_modules/jose/dist/webapi/lib/deflate.js
A Node.js API is used (CompressionStream at line: 10) which is not supported in the Edge Runtime.
Learn more: https://nextjs.org/docs/api-reference/edge-runtime

Import trace for requested module:
./node_modules/jose/dist/webapi/lib/deflate.js
./node_modules/jose/dist/webapi/jwe/flattened/encrypt.js
./node_modules/jose/dist/webapi/index.js
./node_modules/@auth/core/jwt.js
./node_modules/@auth/core/lib/init.js
./node_modules/@auth/core/lib/index.js
./node_modules/@auth/core/index.js
./node_modules/next-auth/index.js
./auth.ts

./node_modules/jose/dist/webapi/lib/deflate.js
A Node.js API is used (DecompressionStream at line: 26) which is not supported in the Edge Runtime.
Learn more: https://nextjs.org/docs/api-reference/edge-runtime

Import trace for requested module:
./node_modules/jose/dist/webapi/lib/deflate.js
./node_modules/jose/dist/webapi/jwe/flattened/encrypt.js
./node_modules/jose/dist/webapi/index.js
./node_modules/@auth/core/jwt.js
./node_modules/@auth/core/lib/init.js
./node_modules/@auth/core/lib/index.js
./node_modules/@auth/core/index.js
./node_modules/next-auth/index.js
./auth.ts

 âś“ Compiled successfully in 10.4s
   Linting and checking validity of types ...
Failed to compile.

./lib/skill-store.ts:29:101
Type error: Argument of type 'string | undefined' is not assignable to parameter of type 'string | ArrayBufferView<ArrayBufferLike> | Iterable<string | ArrayBufferView<ArrayBufferLike>> | AsyncIterable<...>'.
  Type 'undefined' is not assignable to type 'string | ArrayBufferView<ArrayBufferLike> | Iterable<string | ArrayBufferView<ArrayBufferLike>> | AsyncIterable<...>'.

[0m [90m 27 |[39m       [36mconst[39m evalDir [33m=[39m path[33m.[39mjoin(dir[33m,[39m [32m'evals'[39m)
 [90m 28 |[39m       [36myield[39m[33m*[39m tryPromiseEffect([32m'Create evals directory'[39m[33m,[39m () [33m=>[39m mkdir(evalDir[33m,[39m { recursive[33m:[39m [36mtrue[39m }))
[31m[1m>[22m[39m[90m 29 |[39m       [36myield[39m[33m*[39m tryPromiseEffect([32m'Write evals.json'[39m[33m,[39m () [33m=>[39m writeFile(path[33m.[39mjoin(evalDir[33m,[39m [32m'evals.json'[39m)[33m,[39m input[33m.[39mevalsJson[33m,[39m [32m'utf8'[39m))
 [90m    |[39m                                                                                                     [31m[1m^[22m[39m
 [90m 30 |[39m     }
 [90m 31 |[39m
 [90m 32 |[39m     [36mreturn[39m {[0m
Next.js build worker exited with code: 1 and signal: null
