
> business-skill-studio@0.1.0 prebuild
> prisma generate

◇ injected env (0) from .env.local // tip: ⌘ suppress logs { quiet: true }
◇ injected env (0) from .env // tip: ⌘ override existing { override: true }
Loaded Prisma config from prisma.config.ts.

Prisma schema loaded from prisma/schema.prisma.

✔ Generated Prisma Client (7.8.0) to ./generated/prisma in 76ms


> business-skill-studio@0.1.0 build
> next build

⚠ No build cache found. Please configure build caching for faster rebuilds. Read more: https://nextjs.org/docs/messages/no-cache
Attention: Next.js now collects completely anonymous telemetry regarding usage.
This information is used to shape Next.js' roadmap and prioritize features.
You can learn more, including how to opt-out if you'd not like to participate in this anonymous program, by visiting the following URL:
https://nextjs.org/telemetry

   ▲ Next.js 15.5.20

   Creating an optimized production build ...
 ⚠ Compiled with warnings in 1839ms

./node_modules/bcryptjs/dist/bcrypt.js
A Node.js API is used (process.nextTick at line: 351) which is not supported in the Edge Runtime.
Learn more: https://nextjs.org/docs/api-reference/edge-runtime

Import trace for requested module:
./node_modules/bcryptjs/dist/bcrypt.js
./lib/auth-users.ts
./auth.ts

./node_modules/bcryptjs/dist/bcrypt.js
A Node.js API is used (setImmediate at line: 352) which is not supported in the Edge Runtime.
Learn more: https://nextjs.org/docs/api-reference/edge-runtime

Import trace for requested module:
./node_modules/bcryptjs/dist/bcrypt.js
./lib/auth-users.ts
./auth.ts

./node_modules/bcryptjs/dist/bcrypt.js
A Node.js API is used (setImmediate at line: 352) which is not supported in the Edge Runtime.
Learn more: https://nextjs.org/docs/api-reference/edge-runtime

Import trace for requested module:
./node_modules/bcryptjs/dist/bcrypt.js
./lib/auth-users.ts
./auth.ts

./node_modules/bcryptjs/dist/bcrypt.js
A Node.js API is used (process.nextTick at line: 352) which is not supported in the Edge Runtime.
Learn more: https://nextjs.org/docs/api-reference/edge-runtime

Import trace for requested module:
./node_modules/bcryptjs/dist/bcrypt.js
./lib/auth-users.ts
./auth.ts

./node_modules/jose/dist/webapi/lib/deflate.js
A Node.js API is used (CompressionStream at line: 10) which is not supported in the Edge Runtime.
Learn more: https://nextjs.org/docs/api-reference/edge-runtime

Import trace for requested module:
./node_modules/jose/dist/webapi/lib/deflate.js
./node_modules/jose/dist/webapi/jwe/flattened/decrypt.js
./node_modules/jose/dist/webapi/index.js
./node_modules/@auth/core/jwt.js
./node_modules/@auth/core/lib/init.js
./node_modules/@auth/core/lib/index.js
./node_modules/@auth/core/index.js
./node_modules/next-auth/index.js
./auth.ts

./node_modules/jose/dist/webapi/lib/deflate.js
A Node.js API is used (DecompressionStream at line: 26) which is not supported in the Edge Runtime.
Learn more: https://nextjs.org/docs/api-reference/edge-runtime

Import trace for requested module:
./node_modules/jose/dist/webapi/lib/deflate.js
./node_modules/jose/dist/webapi/jwe/flattened/decrypt.js
./node_modules/jose/dist/webapi/index.js
./node_modules/@auth/core/jwt.js
./node_modules/@auth/core/lib/init.js
./node_modules/@auth/core/lib/index.js
./node_modules/@auth/core/index.js
./node_modules/next-auth/index.js
./auth.ts

 ✓ Compiled successfully in 10.7s
   Linting and checking validity of types ...
   Collecting page data ...
   Generating static pages (0/16) ...
   Generating static pages (4/16) 
   Generating static pages (8/16) 
   Generating static pages (12/16) 
 ✓ Generating static pages (16/16)
   Finalizing page optimization ...
   Collecting build traces ...

Route (app)                                 Size  First Load JS
┌ ƒ /                                    5.39 kB         108 kB
├ ƒ /_not-found                            992 B         103 kB
├ ƒ /api/auth/[...nextauth]                153 B         103 kB
├ ƒ /api/chat                              153 B         103 kB
├ ƒ /api/data-sources                      153 B         103 kB
├ ƒ /api/data-sources/test                 153 B         103 kB
├ ƒ /api/database/chat                     153 B         103 kB
├ ƒ /api/database/schema                   153 B         103 kB
├ ƒ /api/experts                           153 B         103 kB
├ ƒ /api/organizations                     153 B         103 kB
├ ƒ /api/setup                             153 B         103 kB
├ ƒ /api/skills                            153 B         103 kB
├ ƒ /api/skills/[name]                     153 B         103 kB
├ ƒ /api/skills/draft                      153 B         103 kB
├ ƒ /database                            4.26 kB         107 kB
├ ○ /icon.svg                                0 B            0 B
├ ƒ /login                                 153 B         103 kB
├ ƒ /settings                            4.19 kB         107 kB
└ ƒ /skills                              7.57 kB         110 kB
+ First Load JS shared by all             102 kB
  ├ chunks/255-3981a3d1f3561bd8.js       46.2 kB
  ├ chunks/4bd1b696-c023c6e3521b1417.js  54.2 kB
  └ other shared chunks (total)          1.92 kB


ƒ Middleware                             97.4 kB

○  (Static)   prerendered as static content
ƒ  (Dynamic)  server-rendered on demand

