$ cd apps/business-skill-studio && npm run dev -- --hostname 127.0.0.1 --port 3000


> business-skill-studio@0.1.0 dev
> next dev --hostname 127.0.0.1 --port 3000

 ⚠ Invalid next.config.mjs options detected: 
 ⚠     Unrecognized key(s) in object: 'serverExternalPackages' at "experimental"
 ⚠ See more info here: https://nextjs.org/docs/messages/invalid-next-config
   ▲ Next.js 15.5.20
   - Local:        http://127.0.0.1:3000
   - Network:      http://127.0.0.1:3000
   - Experiments (use with caution):
     · serverExternalPackages

 ✓ Starting...
Attention: Next.js now collects completely anonymous telemetry regarding usage.
This information is used to shape Next.js' roadmap and prioritize features.
You can learn more, including how to opt-out if you'd not like to participate in this anonymous program, by visiting the following URL:
https://nextjs.org/telemetry

 ✓ Ready in 1498ms
 ○ Compiling / ...
 ✓ Compiled / in 5s (544 modules)
 GET / 200 in 850ms
 GET / 200 in 273ms
 ○ Compiling /api/chat ...
 ✓ Compiled /api/chat in 4.4s (706 modules)
 POST /api/chat 200 in 4905ms
 ○ Compiling /api/skills/draft ...
 ✓ Compiled /api/skills/draft in 856ms (708 modules)
 POST /api/skills/draft 200 in 1103ms

[frontend process exited] code=null signal=SIGTERM
[?25h
