$ cd apps/business-skill-studio && npm run dev -- --hostname 127.0.0.1 --port 3000


> business-skill-studio@0.1.0 dev
> next dev --hostname 127.0.0.1 --port 3000

 ⚠ Invalid next.config.mjs options detected: 
 ⚠     Unrecognized key(s) in object: 'serverExternalPackages' at "experimental"
 ⚠ See more info here: https://nextjs.org/docs/messages/invalid-next-config
   ▲ Next.js 15.5.20
   - Local:        http://127.0.0.1:3000
   - Network:      http://127.0.0.1:3000
   - Experiments (use with caution):
     · serverExternalPackages

 ✓ Starting...
Attention: Next.js now collects completely anonymous telemetry regarding usage.
This information is used to shape Next.js' roadmap and prioritize features.
You can learn more, including how to opt-out if you'd not like to participate in this anonymous program, by visiting the following URL:
https://nextjs.org/telemetry

 ✓ Ready in 1323ms
 ○ Compiling /middleware ...
 ✓ Compiled /middleware in 1318ms (238 modules)
[31m[auth][error][0m MissingSecret: Please define a `secret`. Read more at https://errors.authjs.dev#missingsecret
    at assertConfig (webpack-internal:///(middleware)/./node_modules/@auth/core/lib/utils/assert.js:66:16)
    at Auth (webpack-internal:///(middleware)/./node_modules/@auth/core/index.js:91:95)
[31m[auth][error][0m MissingSecret: Please define a `secret`. Read more at https://errors.authjs.dev#missingsecret
    at assertConfig (webpack-internal:///(middleware)/./node_modules/@auth/core/lib/utils/assert.js:66:16)
    at Auth (webpack-internal:///(middleware)/./node_modules/@auth/core/index.js:91:95)
 ○ Compiling /login ...
[31m[auth][error][0m MissingSecret: Please define a `secret`. Read more at https://errors.authjs.dev#missingsecret
    at assertConfig (webpack-internal:///(middleware)/./node_modules/@auth/core/lib/utils/assert.js:66:16)
    at Auth (webpack-internal:///(middleware)/./node_modules/@auth/core/index.js:91:95)
[31m[auth][error][0m MissingSecret: Please define a `secret`. Read more at https://errors.authjs.dev#missingsecret
    at assertConfig (webpack-internal:///(middleware)/./node_modules/@auth/core/lib/utils/assert.js:66:16)
    at Auth (webpack-internal:///(middleware)/./node_modules/@auth/core/index.js:91:95)
 ✓ Compiled /login in 4.2s (683 modules)
[31m[auth][error][0m MissingSecret: Please define a `secret`. Read more at https://errors.authjs.dev#missingsecret
    at assertConfig (webpack-internal:///(rsc)/./node_modules/@auth/core/lib/utils/assert.js:66:16)
    at Auth (webpack-internal:///(rsc)/./node_modules/@auth/core/index.js:91:95)
    at runNextTicks (node:internal/process/task_queues:64:5)
    at listOnTimeout (node:internal/timers:547:9)
    at process.processTimers (node:internal/timers:521:7)
[31m[auth][error][0m MissingSecret: Please define a `secret`. Read more at https://errors.authjs.dev#missingsecret
    at assertConfig (webpack-internal:///(rsc)/./node_modules/@auth/core/lib/utils/assert.js:66:16)
    at Auth (webpack-internal:///(rsc)/./node_modules/@auth/core/index.js:91:95)
    at runNextTicks (node:internal/process/task_queues:64:5)
    at listOnTimeout (node:internal/timers:547:9)
    at process.processTimers (node:internal/timers:521:7)
[31m[auth][error][0m MissingSecret: Please define a `secret`. Read more at https://errors.authjs.dev#missingsecret
    at assertConfig (webpack-internal:///(rsc)/./node_modules/@auth/core/lib/utils/assert.js:66:16)
    at Auth (webpack-internal:///(rsc)/./node_modules/@auth/core/index.js:91:95)
    at runNextTicks (node:internal/process/task_queues:64:5)
    at listOnTimeout (node:internal/timers:547:9)
    at process.processTimers (node:internal/timers:521:7)
[31m[auth][error][0m MissingSecret: Please define a `secret`. Read more at https://errors.authjs.dev#missingsecret
    at assertConfig (webpack-internal:///(rsc)/./node_modules/@auth/core/lib/utils/assert.js:66:16)
    at Auth (webpack-internal:///(rsc)/./node_modules/@auth/core/index.js:91:95)
    at runNextTicks (node:internal/process/task_queues:64:5)
    at listOnTimeout (node:internal/timers:547:9)
    at process.processTimers (node:internal/timers:521:7)
[31m[auth][error][0m MissingSecret: Please define a `secret`. Read more at https://errors.authjs.dev#missingsecret
    at assertConfig (webpack-internal:///(rsc)/./node_modules/@auth/core/lib/utils/assert.js:66:16)
    at Auth (webpack-internal:///(rsc)/./node_modules/@auth/core/index.js:91:95)
[31m[auth][error][0m MissingSecret: Please define a `secret`. Read more at https://errors.authjs.dev#missingsecret
    at assertConfig (webpack-internal:///(rsc)/./node_modules/@auth/core/lib/utils/assert.js:66:16)
    at Auth (webpack-internal:///(rsc)/./node_modules/@auth/core/index.js:91:95)
 GET /login?callbackUrl=http%3A%2F%2Flocalhost%3A3000%2F 200 in 1020ms
[31m[auth][error][0m MissingSecret: Please define a `secret`. Read more at https://errors.authjs.dev#missingsecret
    at assertConfig (webpack-internal:///(middleware)/./node_modules/@auth/core/lib/utils/assert.js:66:16)
    at Auth (webpack-internal:///(middleware)/./node_modules/@auth/core/index.js:91:95)
[31m[auth][error][0m MissingSecret: Please define a `secret`. Read more at https://errors.authjs.dev#missingsecret
    at assertConfig (webpack-internal:///(rsc)/./node_modules/@auth/core/lib/utils/assert.js:66:16)
    at Auth (webpack-internal:///(rsc)/./node_modules/@auth/core/index.js:91:95)
[31m[auth][error][0m MissingSecret: Please define a `secret`. Read more at https://errors.authjs.dev#missingsecret
    at assertConfig (webpack-internal:///(rsc)/./node_modules/@auth/core/lib/utils/assert.js:66:16)
    at Auth (webpack-internal:///(rsc)/./node_modules/@auth/core/index.js:91:95)
 GET /login?callbackUrl=http%3A%2F%2Flocalhost%3A3000%2F 200 in 80ms
[31m[auth][error][0m MissingSecret: Please define a `secret`. Read more at https://errors.authjs.dev#missingsecret
    at assertConfig (webpack-internal:///(middleware)/./node_modules/@auth/core/lib/utils/assert.js:66:16)
    at Auth (webpack-internal:///(middleware)/./node_modules/@auth/core/index.js:91:95)
[31m[auth][error][0m MissingSecret: Please define a `secret`. Read more at https://errors.authjs.dev#missingsecret
    at assertConfig (webpack-internal:///(rsc)/./node_modules/@auth/core/lib/utils/assert.js:66:16)
    at Auth (webpack-internal:///(rsc)/./node_modules/@auth/core/index.js:91:95)
[31m[auth][error][0m MissingSecret: Please define a `secret`. Read more at https://errors.authjs.dev#missingsecret
    at assertConfig (webpack-internal:///(rsc)/./node_modules/@auth/core/lib/utils/assert.js:66:16)
    at Auth (webpack-internal:///(rsc)/./node_modules/@auth/core/index.js:91:95)
 GET /login?callbackUrl=http%3A%2F%2Flocalhost%3A3000%2F 200 in 119ms

[frontend process exited] code=null signal=SIGTERM
[?25h
